<?xml version="1.0" encoding="UTF-8"?>
<!-- Generated by org.testng.reporters.JUnitReportReporter -->
<testsuite hostname="DESKTOP-S9ISS27" failures="0" tests="1" name="TestNG.Framework.Parameterized" time="15.190" errors="0" timestamp="2021-11-23T09:36:20 IST" skipped="0">
  <testcase classname="TestNG.Framework.Parameterized" name="Facebook_Login" time="15.190"/>
  <system-out/>
</testsuite> <!-- TestNG.Framework.Parameterized -->
