<?xml version="1.0" encoding="UTF-8"?>
<!-- Generated by org.testng.reporters.JUnitReportReporter -->
<testsuite hostname="DESKTOP-S9ISS27" failures="0" tests="2" name="TestNG.Framework.Parallel_test" time="14.847" errors="0" timestamp="2021-11-19T10:20:05 IST" skipped="0">
  <testcase classname="TestNG.Framework.Parallel_test" name="Amazon_login" time="7.410"/>
  <system-out/>
  <testcase classname="TestNG.Framework.Parallel_test" name="Flipkart_login" time="7.437"/>
  <system-out/>
</testsuite> <!-- TestNG.Framework.Parallel_test -->
