<?xml version="1.0" encoding="UTF-8"?>
<!-- Generated by org.testng.reporters.JUnitReportReporter -->
<testsuite hostname="DESKTOP-S9ISS27" failures="0" tests="1" name="TestNG.Framework.Simple_Annotation" time="0.010" errors="0" timestamp="2021-11-15T17:49:35 IST" skipped="0">
  <testcase classname="TestNG.Framework.Simple_Annotation" name="mobile_search" time="0.010"/>
  <system-out/>
</testsuite> <!-- TestNG.Framework.Simple_Annotation -->
