<?xml version="1.0" encoding="UTF-8"?>
<!-- Generated by org.testng.reporters.JUnitReportReporter -->
<testsuite hostname="DESKTOP-S9ISS27" failures="0" tests="4" name="TestNG.Framework.Grouping" time="0.015" errors="0" timestamp="2021-11-17T08:50:40 IST" skipped="0">
  <testcase classname="TestNG.Framework.Grouping" name="Emp_Name" time="0.002"/>
  <system-out/>
  <testcase classname="TestNG.Framework.Grouping" name="Cmp_Location" time="0.009"/>
  <system-out/>
  <testcase classname="TestNG.Framework.Grouping" name="Emp_ID" time="0.002"/>
  <system-out/>
  <testcase classname="TestNG.Framework.Grouping" name="Cmp_Name" time="0.002"/>
  <system-out/>
</testsuite> <!-- TestNG.Framework.Grouping -->
