<?xml version="1.0" encoding="UTF-8"?>
<!-- Generated by org.testng.reporters.JUnitReportReporter -->
<testsuite hostname="DESKTOP-S9ISS27" failures="0" tests="3" name="TestNG.Framework.Ignore_test" time="0.013" errors="0" timestamp="2021-11-17T08:01:40 IST" skipped="1">
  <testcase classname="TestNG.Framework.Ignore_test" name="Myntra_Login" time="0.011"/>
  <system-out/>
  <testcase classname="TestNG.Framework.Ignore_test" name="amazon_login" time="0.002"/>
  <system-out/>
  <testcase classname="TestNG.Framework.Ignore_test" name="Jio_Mart">
    <skipped/>
  </testcase> <!-- Jio_Mart -->
  <system-out/>
</testsuite> <!-- TestNG.Framework.Ignore_test -->
