<?xml version="1.0" encoding="UTF-8"?>
<!-- Generated by org.testng.reporters.JUnitReportReporter -->
<testsuite hostname="DESKTOP-S9ISS27" failures="0" tests="2" name="TestNG.Framework.Invocation_Count" time="22.608" errors="0" timestamp="2021-11-19T08:32:05 IST" skipped="0">
  <testcase classname="TestNG.Framework.Invocation_Count" name="Open_Google" time="13.651"/>
  <system-out/>
  <testcase classname="TestNG.Framework.Invocation_Count" name="Open_Google" time="8.957"/>
  <system-out/>
</testsuite> <!-- TestNG.Framework.Invocation_Count -->
