<?xml version="1.0" encoding="UTF-8"?>
<!-- Generated by org.testng.reporters.JUnitReportReporter -->
<testsuite hostname="DESKTOP-S9ISS27" failures="0" tests="4" name="TestNG.Framework.Priority" time="0.020" errors="0" timestamp="2021-11-17T08:10:23 IST" skipped="0">
  <testcase classname="TestNG.Framework.Priority" name="Flipkart_Login" time="0.012"/>
  <system-out/>
  <testcase classname="TestNG.Framework.Priority" name="Jio_Mart" time="0.003"/>
  <system-out/>
  <testcase classname="TestNG.Framework.Priority" name="Myntra_Login" time="0.002"/>
  <system-out/>
  <testcase classname="TestNG.Framework.Priority" name="amazon_login" time="0.003"/>
  <system-out/>
</testsuite> <!-- TestNG.Framework.Priority -->
