<?xml version="1.0" encoding="UTF-8"?>
<!-- Generated by org.testng.reporters.JUnitReportReporter -->
<testsuite hostname="DESKTOP-S9ISS27" failures="0" tests="3" name="TestNG.Framework.Data_Provider" time="53.205" errors="0" timestamp="2021-11-23T09:47:25 IST" skipped="0">
  <testcase classname="TestNG.Framework.Data_Provider" name="Facebook_Login" time="16.751"/>
  <system-out/>
  <testcase classname="TestNG.Framework.Data_Provider" name="Facebook_Login" time="19.111"/>
  <system-out/>
  <testcase classname="TestNG.Framework.Data_Provider" name="Facebook_Login" time="17.343"/>
  <system-out/>
</testsuite> <!-- TestNG.Framework.Data_Provider -->
